Arguments: 
  /usr/bin/node /root/.yarn/bin/yarn.js add dayjs

PATH: 
  /root/.rbenv/shims:/root/.rbenv/bin:/root/bin:/root/.yarn/bin:/root/.config/yarn/global/node_modules/.bin:/root/.vscode-server/bin/6c3e3dba23e8fadc360aed75ce363ba185c49794/bin/remote-cli:/root/.rbenv/shims:/root/.rbenv/bin:/root/.local/share/pnpm:/root/bin:/root/.yarn/bin:/root/.config/yarn/global/node_modules/.bin:/usr/local/sbin:/usr/local/bin:/usr/sbin:/usr/bin:/sbin:/bin:/usr/games:/usr/local/games:/usr/lib/wsl/lib:/mnt/c/Program Files/Common Files/Oracle/Java/javapath:/mnt/c/Python310/Scripts/:/mnt/c/Python310/:/mnt/c/WINDOWS/system32:/mnt/c/WINDOWS:/mnt/c/WINDOWS/System32/Wbem:/mnt/c/WINDOWS/System32/WindowsPowerShell/v1.0/:/mnt/c/WINDOWS/System32/OpenSSH/:/mnt/c/Program Files/Git/cmd:/mnt/c/Program Files/nodejs/:/mnt/c/ProgramData/chocolatey/bin:/mnt/c/Program Files/Neovim/bin:/mnt/c/Program Files/dotnet/:/mnt/c/Program Files/Kubernetes/Minikube:/mnt/c/minikube:/mnt/c/Program Files/Docker/Docker/resources/bin:/mnt/c/Users/pu2k/AppData/Local/pnpm:/mnt/c/Users/pu2k/AppData/Local/Microsoft/WindowsApps:/mnt/c/Users/pu2k/AppData/Roaming/npm:/mnt/c/Program Files/heroku/bin:/mnt/c/Users/pu2k/AppData/Local/GitHubDesktop/bin:/mnt/c/Program Files/JetBrains/IntelliJ IDEA Community Edition 2022.3/bin:/mnt/c/Users/pu2k/AppData/Local/Programs/Microsoft VS Code/bin:/usr/local/go/bin:/usr/local/go/bin

Yarn version: 
  1.22.19

Node version: 
  16.20.1

Platform: 
  linux x64

Trace: 
  Error: https://registry.yarnpkg.com/next: ETIMEDOUT
      at Timeout._onTimeout (/root/.yarn/lib/cli.js:141550:19)
      at listOnTimeout (node:internal/timers:559:17)
      at processTimers (node:internal/timers:502:7)

npm manifest: 
  {
    "name": "my-app",
    "version": "0.1.0",
    "private": true,
    "scripts": {
      "dev": "next dev",
      "build": "next build",
      "start": "next start",
      "lint": "next lint"
    },
    "dependencies": {
      "next": "latest",
      "react": "latest",
      "react-dom": "latest",
      "stripe": "^12.1.1"
    },
    "devDependencies": {
      "@types/node": "latest",
      "@types/react": "latest",
      "@types/react-dom": "latest",
      "typescript": "latest"
    }
  }

yarn manifest: 
  No manifest

Lockfile: 
  No lockfile
